Analysis & Elaboration report for MIPS
Wed May 25 01:16:23 2022
Quartus Prime Version 20.1.0 Build 711 06/05/2020 SJ Lite Edition


---------------------
; Table of Contents ;
---------------------
  1. Legal Notice
  2. Analysis & Elaboration Summary
  3. Parallel Compilation
  4. Analysis & Elaboration Settings
  5. Analysis & Elaboration Messages



----------------
; Legal Notice ;
----------------
Copyright (C) 2020  Intel Corporation. All rights reserved.
Your use of Intel Corporation's design tools, logic functions 
and other software and tools, and any partner logic 
functions, and any output files from any of the foregoing 
(including device programming or simulation files), and any 
associated documentation or information are expressly subject 
to the terms and conditions of the Intel Program License 
Subscription Agreement, the Intel Quartus Prime License Agreement,
the Intel FPGA IP License Agreement, or other applicable license
agreement, including, without limitation, that your use is for
the sole purpose of programming logic devices manufactured by
Intel and sold by Intel or its authorized distributors.  Please
refer to the applicable agreement for further details, at
https://fpgasoftware.intel.com/eula.



+-----------------------------------------------------------------------------+
; Analysis & Elaboration Summary                                              ;
+-------------------------------+---------------------------------------------+
; Analysis & Elaboration Status ; Failed - Wed May 25 01:16:23 2022           ;
; Quartus Prime Version         ; 20.1.0 Build 711 06/05/2020 SJ Lite Edition ;
; Revision Name                 ; MIPS                                        ;
; Top-level Entity Name         ; CPU                                         ;
; Family                        ; Cyclone V                                   ;
; Logic utilization (in ALMs)   ; N/A until Partition Merge                   ;
; Total registers               ; N/A until Partition Merge                   ;
; Total pins                    ; N/A until Partition Merge                   ;
; Total virtual pins            ; N/A until Partition Merge                   ;
; Total block memory bits       ; N/A until Partition Merge                   ;
; Total PLLs                    ; N/A until Partition Merge                   ;
; Total DLLs                    ; N/A until Partition Merge                   ;
+-------------------------------+---------------------------------------------+


+------------------------------------------+
; Parallel Compilation                     ;
+----------------------------+-------------+
; Processors                 ; Number      ;
+----------------------------+-------------+
; Number detected on machine ; 8           ;
; Maximum allowed            ; 4           ;
;                            ;             ;
; Average used               ; 1.00        ;
; Maximum used               ; 1           ;
;                            ;             ;
; Usage by Processor         ; % Time Used ;
;     Processor 1            ; 100.0%      ;
+----------------------------+-------------+


+---------------------------------------------------------------------------------------------------------------------------+
; Analysis & Elaboration Settings                                                                                           ;
+---------------------------------------------------------------------------------+--------------------+--------------------+
; Option                                                                          ; Setting            ; Default Value      ;
+---------------------------------------------------------------------------------+--------------------+--------------------+
; Device                                                                          ; 5CEBA4F23C7        ;                    ;
; Top-level entity name                                                           ; CPU                ; MIPS               ;
; Family name                                                                     ; Cyclone V          ; Cyclone V          ;
; Use smart compilation                                                           ; Off                ; Off                ;
; Enable parallel Assembler and Timing Analyzer during compilation                ; On                 ; On                 ;
; Enable compact report table                                                     ; Off                ; Off                ;
; Restructure Multiplexers                                                        ; Auto               ; Auto               ;
; MLAB Add Timing Constraints For Mixed-Port Feed-Through Mode Setting Don't Care ; Off                ; Off                ;
; Create Debugging Nodes for IP Cores                                             ; Off                ; Off                ;
; Preserve fewer node names                                                       ; On                 ; On                 ;
; Intel FPGA IP Evaluation Mode                                                   ; Enable             ; Enable             ;
; Verilog Version                                                                 ; Verilog_2001       ; Verilog_2001       ;
; VHDL Version                                                                    ; VHDL_1993          ; VHDL_1993          ;
; State Machine Processing                                                        ; Auto               ; Auto               ;
; Safe State Machine                                                              ; Off                ; Off                ;
; Extract Verilog State Machines                                                  ; On                 ; On                 ;
; Extract VHDL State Machines                                                     ; On                 ; On                 ;
; Ignore Verilog initial constructs                                               ; Off                ; Off                ;
; Iteration limit for constant Verilog loops                                      ; 5000               ; 5000               ;
; Iteration limit for non-constant Verilog loops                                  ; 250                ; 250                ;
; Add Pass-Through Logic to Inferred RAMs                                         ; On                 ; On                 ;
; Infer RAMs from Raw Logic                                                       ; On                 ; On                 ;
; Parallel Synthesis                                                              ; On                 ; On                 ;
; DSP Block Balancing                                                             ; Auto               ; Auto               ;
; NOT Gate Push-Back                                                              ; On                 ; On                 ;
; Power-Up Don't Care                                                             ; On                 ; On                 ;
; Remove Redundant Logic Cells                                                    ; Off                ; Off                ;
; Remove Duplicate Registers                                                      ; On                 ; On                 ;
; Ignore CARRY Buffers                                                            ; Off                ; Off                ;
; Ignore CASCADE Buffers                                                          ; Off                ; Off                ;
; Ignore GLOBAL Buffers                                                           ; Off                ; Off                ;
; Ignore ROW GLOBAL Buffers                                                       ; Off                ; Off                ;
; Ignore LCELL Buffers                                                            ; Off                ; Off                ;
; Ignore SOFT Buffers                                                             ; On                 ; On                 ;
; Limit AHDL Integers to 32 Bits                                                  ; Off                ; Off                ;
; Optimization Technique                                                          ; Balanced           ; Balanced           ;
; Carry Chain Length                                                              ; 70                 ; 70                 ;
; Auto Carry Chains                                                               ; On                 ; On                 ;
; Auto Open-Drain Pins                                                            ; On                 ; On                 ;
; Perform WYSIWYG Primitive Resynthesis                                           ; Off                ; Off                ;
; Auto ROM Replacement                                                            ; On                 ; On                 ;
; Auto RAM Replacement                                                            ; On                 ; On                 ;
; Auto DSP Block Replacement                                                      ; On                 ; On                 ;
; Auto Shift Register Replacement                                                 ; Auto               ; Auto               ;
; Allow Shift Register Merging across Hierarchies                                 ; Auto               ; Auto               ;
; Auto Clock Enable Replacement                                                   ; On                 ; On                 ;
; Strict RAM Replacement                                                          ; Off                ; Off                ;
; Allow Synchronous Control Signals                                               ; On                 ; On                 ;
; Force Use of Synchronous Clear Signals                                          ; Off                ; Off                ;
; Auto Resource Sharing                                                           ; Off                ; Off                ;
; Allow Any RAM Size For Recognition                                              ; Off                ; Off                ;
; Allow Any ROM Size For Recognition                                              ; Off                ; Off                ;
; Allow Any Shift Register Size For Recognition                                   ; Off                ; Off                ;
; Use LogicLock Constraints during Resource Balancing                             ; On                 ; On                 ;
; Ignore translate_off and synthesis_off directives                               ; Off                ; Off                ;
; Timing-Driven Synthesis                                                         ; On                 ; On                 ;
; Report Parameter Settings                                                       ; On                 ; On                 ;
; Report Source Assignments                                                       ; On                 ; On                 ;
; Report Connectivity Checks                                                      ; On                 ; On                 ;
; Ignore Maximum Fan-Out Assignments                                              ; Off                ; Off                ;
; Synchronization Register Chain Length                                           ; 3                  ; 3                  ;
; Power Optimization During Synthesis                                             ; Normal compilation ; Normal compilation ;
; HDL message level                                                               ; Level2             ; Level2             ;
; Suppress Register Optimization Related Messages                                 ; Off                ; Off                ;
; Number of Removed Registers Reported in Synthesis Report                        ; 5000               ; 5000               ;
; Number of Swept Nodes Reported in Synthesis Report                              ; 5000               ; 5000               ;
; Number of Inverted Registers Reported in Synthesis Report                       ; 100                ; 100                ;
; Clock MUX Protection                                                            ; On                 ; On                 ;
; Auto Gated Clock Conversion                                                     ; Off                ; Off                ;
; Block Design Naming                                                             ; Auto               ; Auto               ;
; SDC constraint protection                                                       ; Off                ; Off                ;
; Synthesis Effort                                                                ; Auto               ; Auto               ;
; Shift Register Replacement - Allow Asynchronous Clear Signal                    ; On                 ; On                 ;
; Pre-Mapping Resynthesis Optimization                                            ; Off                ; Off                ;
; Analysis & Synthesis Message Level                                              ; Medium             ; Medium             ;
; Disable Register Merging Across Hierarchies                                     ; Auto               ; Auto               ;
; Resource Aware Inference For Block RAM                                          ; On                 ; On                 ;
; Automatic Parallel Synthesis                                                    ; On                 ; On                 ;
; Partial Reconfiguration Bitstream ID                                            ; Off                ; Off                ;
+---------------------------------------------------------------------------------+--------------------+--------------------+


+---------------------------------+
; Analysis & Elaboration Messages ;
+---------------------------------+
Warning (18236): Number of processors has not been specified which may cause overloading on shared machines.  Set the global assignment NUM_PARALLEL_PROCESSORS in your QSF to an appropriate value for best performance.
Info (20030): Parallel compilation is enabled and will use 4 of the 4 processors detected
Error (10500): VHDL syntax error at CPU.vhd(83) near text ")";  expecting "(", or an identifier, or  unary operator File: C:/Users/lucam/Documents/Insper/Descomp/descomp-entregas/MIPS_FaltandoUC_restored/CPU.vhd Line: 83
Error (10500): VHDL syntax error at CPU.vhd(110) near text "saida";  expecting ")", or "," File: C:/Users/lucam/Documents/Insper/Descomp/descomp-entregas/MIPS_FaltandoUC_restored/CPU.vhd Line: 110
Error (10500): VHDL syntax error at CPU.vhd(140) near text ";";  expecting ")", or "," File: C:/Users/lucam/Documents/Insper/Descomp/descomp-entregas/MIPS_FaltandoUC_restored/CPU.vhd Line: 140
Info (12021): Found 0 design units, including 0 entities, in source file cpu.vhd
Info (12021): Found 2 design units, including 1 entities, in source file somaconstante.vhd
    Info (12022): Found design unit 1: somaConstante-comportamento File: C:/Users/lucam/Documents/Insper/Descomp/descomp-entregas/MIPS_FaltandoUC_restored/somaConstante.vhd Line: 19
    Info (12023): Found entity 1: somaConstante File: C:/Users/lucam/Documents/Insper/Descomp/descomp-entregas/MIPS_FaltandoUC_restored/somaConstante.vhd Line: 6
Info (12021): Found 2 design units, including 1 entities, in source file ulasomasub.vhd
    Info (12022): Found design unit 1: ULASomaSub-comportamento File: C:/Users/lucam/Documents/Insper/Descomp/descomp-entregas/MIPS_FaltandoUC_restored/ULASomaSub.vhd Line: 15
    Info (12023): Found entity 1: ULASomaSub File: C:/Users/lucam/Documents/Insper/Descomp/descomp-entregas/MIPS_FaltandoUC_restored/ULASomaSub.vhd Line: 5
Info (12021): Found 2 design units, including 1 entities, in source file rommips.vhd
    Info (12022): Found design unit 1: ROMMIPS-assincrona File: C:/Users/lucam/Documents/Insper/Descomp/descomp-entregas/MIPS_FaltandoUC_restored/ROMMIPS.vhd Line: 15
    Info (12023): Found entity 1: ROMMIPS File: C:/Users/lucam/Documents/Insper/Descomp/descomp-entregas/MIPS_FaltandoUC_restored/ROMMIPS.vhd Line: 5
Info (12021): Found 2 design units, including 1 entities, in source file registradorgenerico.vhd
    Info (12022): Found design unit 1: registradorGenerico-comportamento File: C:/Users/lucam/Documents/Insper/Descomp/descomp-entregas/MIPS_FaltandoUC_restored/registradorGenerico.vhd Line: 16
    Info (12023): Found entity 1: registradorGenerico File: C:/Users/lucam/Documents/Insper/Descomp/descomp-entregas/MIPS_FaltandoUC_restored/registradorGenerico.vhd Line: 5
Info (12021): Found 2 design units, including 1 entities, in source file bancoregistradores.vhd
    Info (12022): Found design unit 1: bancoRegistradores-comportamento File: C:/Users/lucam/Documents/Insper/Descomp/descomp-entregas/MIPS_FaltandoUC_restored/bancoRegistradores.vhd Line: 30
    Info (12023): Found entity 1: bancoRegistradores File: C:/Users/lucam/Documents/Insper/Descomp/descomp-entregas/MIPS_FaltandoUC_restored/bancoRegistradores.vhd Line: 7
Info (12021): Found 2 design units, including 1 entities, in source file estendesinalgenerico.vhd
    Info (12022): Found design unit 1: estendeSinalGenerico-comportamento File: C:/Users/lucam/Documents/Insper/Descomp/descomp-entregas/MIPS_FaltandoUC_restored/estendeSinalGenerico.vhd Line: 19
    Info (12023): Found entity 1: estendeSinalGenerico File: C:/Users/lucam/Documents/Insper/Descomp/descomp-entregas/MIPS_FaltandoUC_restored/estendeSinalGenerico.vhd Line: 4
Info (12021): Found 2 design units, including 1 entities, in source file rammips.vhd
    Info (12022): Found design unit 1: RAMMIPS-assincrona File: C:/Users/lucam/Documents/Insper/Descomp/descomp-entregas/MIPS_FaltandoUC_restored/RAMMIPS.vhd Line: 19
    Info (12023): Found entity 1: RAMMIPS File: C:/Users/lucam/Documents/Insper/Descomp/descomp-entregas/MIPS_FaltandoUC_restored/RAMMIPS.vhd Line: 6
Info (12021): Found 2 design units, including 1 entities, in source file muxgenerico2x1.vhd
    Info (12022): Found design unit 1: muxGenerico2x1-comportamento File: C:/Users/lucam/Documents/Insper/Descomp/descomp-entregas/MIPS_FaltandoUC_restored/muxGenerico2x1.vhd Line: 14
    Info (12023): Found entity 1: muxGenerico2x1 File: C:/Users/lucam/Documents/Insper/Descomp/descomp-entregas/MIPS_FaltandoUC_restored/muxGenerico2x1.vhd Line: 4
Error (10500): VHDL syntax error at ULA1Bit.vhd(11) near text ")";  expecting an identifier, or "constant", or "file", or "signal", or "variable" File: C:/Users/lucam/Documents/Insper/Descomp/descomp-entregas/MIPS_FaltandoUC_restored/ULA1Bit.vhd Line: 11
Error (10500): VHDL syntax error at ULA1Bit.vhd(23) near text "begin";  expecting an identifier ("begin" is a reserved keyword), or "constant", or "file", or "signal", or "variable" File: C:/Users/lucam/Documents/Insper/Descomp/descomp-entregas/MIPS_FaltandoUC_restored/ULA1Bit.vhd Line: 23
Info (12021): Found 0 design units, including 0 entities, in source file ula1bit.vhd
Error (10500): VHDL syntax error at ULA32Bits.vhd(25) near text ",";  expecting "(", or "'", or "." File: C:/Users/lucam/Documents/Insper/Descomp/descomp-entregas/MIPS_FaltandoUC_restored/ULA32Bits.vhd Line: 25
Error (10500): VHDL syntax error at ULA32Bits.vhd(127) near text "saida";  expecting ";" File: C:/Users/lucam/Documents/Insper/Descomp/descomp-entregas/MIPS_FaltandoUC_restored/ULA32Bits.vhd Line: 127
Error (10500): VHDL syntax error at ULA32Bits.vhd(162) near text "end";  expecting ";" File: C:/Users/lucam/Documents/Insper/Descomp/descomp-entregas/MIPS_FaltandoUC_restored/ULA32Bits.vhd Line: 162
Info (12021): Found 0 design units, including 0 entities, in source file ula32bits.vhd
Info (12021): Found 2 design units, including 1 entities, in source file unidadedecontrole.vhd
    Info (12022): Found design unit 1: unidadeDeControle-comportamento File: C:/Users/lucam/Documents/Insper/Descomp/descomp-entregas/MIPS_FaltandoUC_restored/unidadeDeControle.vhd Line: 10
    Info (12023): Found entity 1: unidadeDeControle File: C:/Users/lucam/Documents/Insper/Descomp/descomp-entregas/MIPS_FaltandoUC_restored/unidadeDeControle.vhd Line: 4
Error (10500): VHDL syntax error at unidadeDeControleULA.vhd(23) near text ")";  expecting ";" File: C:/Users/lucam/Documents/Insper/Descomp/descomp-entregas/MIPS_FaltandoUC_restored/unidadeDeControleULA.vhd Line: 23
Info (12021): Found 0 design units, including 0 entities, in source file unidadedecontroleula.vhd


